<?xml version="1.0" encoding="UTF-8"?>
<!-- Generated by org.testng.reporters.JUnitReportReporter -->
<testsuite hostname="DESKTOP-40VQOD4" failures="0" tests="4" name="TestNGDemo.MyFirstTestcase" time="10.917" errors="0" timestamp="2024-09-07T12:30:38 BDT" skipped="0">
  <testcase classname="TestNGDemo.MyFirstTestcase" name="openapp" time="6.433"/>
  <system-out/>
  <testcase classname="TestNGDemo.MyFirstTestcase" name="checkIcon" time="4.056"/>
  <system-out/>
  <testcase classname="TestNGDemo.MyFirstTestcase" name="login" time="0.242"/>
  <system-out/>
  <testcase classname="TestNGDemo.MyFirstTestcase" name="close" time="0.186"/>
  <system-out/>
</testsuite> <!-- TestNGDemo.MyFirstTestcase -->
