<?xml version="1.0" encoding="UTF-8"?>
<!-- Generated by org.testng.reporters.JUnitReportReporter -->
<testsuite hostname="DESKTOP-40VQOD4" failures="0" tests="2" name="TestNGGrouping.TestPayment" time="0.016" errors="0" timestamp="2024-09-11T12:11:10 BDT" skipped="0">
  <testcase classname="TestNGGrouping.TestPayment" name="TestPAymentTaka" time="0.002"/>
  <system-out/>
  <testcase classname="TestNGGrouping.TestPayment" name="TestPAymentDollers" time="0.014"/>
  <system-out/>
</testsuite> <!-- TestNGGrouping.TestPayment -->
