<?xml version="1.0" encoding="UTF-8"?>
<!-- Generated by org.testng.reporters.JUnitReportReporter -->
<testsuite hostname="DESKTOP-40VQOD4" failures="0" tests="2" name="TestNGGrouping.TestSignup" time="0.005" errors="0" timestamp="2024-09-11T12:11:10 BDT" skipped="0">
  <testcase classname="TestNGGrouping.TestSignup" name="TestFacebookSignup" time="0.003"/>
  <system-out/>
  <testcase classname="TestNGGrouping.TestSignup" name="TestTwitterSignup" time="0.002"/>
  <system-out/>
</testsuite> <!-- TestNGGrouping.TestSignup -->
