<?xml version="1.0" encoding="UTF-8"?>
<!-- Generated by org.testng.reporters.JUnitReportReporter -->
<testsuite hostname="DESKTOP-40VQOD4" failures="0" tests="4" name="TestNGGrouping.TestLogging" time="0.026" errors="0" timestamp="2024-09-11T12:09:59 BDT" skipped="0">
  <testcase classname="TestNGGrouping.TestLogging" name="TestFacebookLogin" time="0.016"/>
  <system-out/>
  <testcase classname="TestNGGrouping.TestLogging" name="TestAppleLogin" time="0.004"/>
  <system-out/>
  <testcase classname="TestNGGrouping.TestLogging" name="TestTwitterLogin" time="0.003"/>
  <system-out/>
  <testcase classname="TestNGGrouping.TestLogging" name="TestInstagramLogin" time="0.003"/>
  <system-out/>
</testsuite> <!-- TestNGGrouping.TestLogging -->
