<?xml version="1.0" encoding="UTF-8"?>
<!-- Generated by org.testng.reporters.JUnitReportReporter -->
<testsuite hostname="DESKTOP-40VQOD4" failures="0" tests="1" name="PageObjectModel.TestLogin" time="8.102" errors="0" timestamp="2024-09-15T22:55:16 BDT" skipped="0">
  <testcase classname="PageObjectModel.TestLogin" name="LoginTest" time="8.102"/>
  <system-out/>
</testsuite> <!-- PageObjectModel.TestLogin -->
